

Started GET "/" for 127.0.0.1 at 2014-10-29 07:30:45 +0100
Processing by Rails::WelcomeController#index as HTML
  Rendered /Library/Ruby/Gems/2.0.0/gems/railties-4.1.6/lib/rails/templates/rails/welcome/index.html.erb (1.7ms)
Completed 200 OK in 72ms (Views: 51.3ms | ActiveRecord: 0.0ms)
  [1m[36m (1.1ms)[0m  [1mCREATE TABLE "schema_migrations" ("version" varchar(255) NOT NULL) [0m
  [1m[35m (0.1ms)[0m  select sqlite_version(*)
  [1m[36m (1.2ms)[0m  [1mCREATE UNIQUE INDEX "unique_schema_migrations" ON "schema_migrations" ("version")[0m
  [1m[35mActiveRecord::SchemaMigration Load (0.1ms)[0m  SELECT "schema_migrations".* FROM "schema_migrations"
Migrating to CreateQuests (20141029065837)
  [1m[36m (0.1ms)[0m  [1mbegin transaction[0m
  [1m[35m (0.4ms)[0m  CREATE TABLE "quests" ("id" INTEGER PRIMARY KEY AUTOINCREMENT NOT NULL, "title" varchar(255), "description" text, "completed_text" text, "status" varchar(255), "created_at" datetime, "updated_at" datetime) 
  [1m[36mSQL (0.2ms)[0m  [1mINSERT INTO "schema_migrations" ("version") VALUES (?)[0m  [["version", "20141029065837"]]
  [1m[35m (0.8ms)[0m  commit transaction
Migrating to CreateMiniQuests (20141029153025)
  [1m[36m (0.1ms)[0m  [1mbegin transaction[0m
  [1m[35m (0.3ms)[0m  CREATE TABLE "mini_quests" ("id" INTEGER PRIMARY KEY AUTOINCREMENT NOT NULL, "title" varchar(255), "description" text, "completed_text" text, "status" varchar(255), "created_at" datetime, "updated_at" datetime) 
  [1m[36mSQL (0.1ms)[0m  [1mINSERT INTO "schema_migrations" ("version") VALUES (?)[0m  [["version", "20141029153025"]]
  [1m[35m (0.7ms)[0m  commit transaction
Migrating to CreateQuizzes (20141029153143)
  [1m[36m (0.1ms)[0m  [1mbegin transaction[0m
  [1m[35m (0.3ms)[0m  CREATE TABLE "quizzes" ("id" INTEGER PRIMARY KEY AUTOINCREMENT NOT NULL, "title" varchar(255), "description" text, "status" varchar(255), "created_at" datetime, "updated_at" datetime) 
  [1m[36mSQL (0.1ms)[0m  [1mINSERT INTO "schema_migrations" ("version") VALUES (?)[0m  [["version", "20141029153143"]]
  [1m[35m (0.7ms)[0m  commit transaction
Migrating to CreateQuizQuestions (20141029153501)
  [1m[36m (0.1ms)[0m  [1mbegin transaction[0m
  [1m[35m (0.3ms)[0m  CREATE TABLE "quiz_questions" ("id" INTEGER PRIMARY KEY AUTOINCREMENT NOT NULL, "question" varchar(255), "answer_1" varchar(255), "answer_2" varchar(255), "answer_3" varchar(255), "answer_4" varchar(255), "correct_answer" varchar(255), "quiz_id" integer, "created_at" datetime, "updated_at" datetime) 
  [1m[36mSQL (0.1ms)[0m  [1mINSERT INTO "schema_migrations" ("version") VALUES (?)[0m  [["version", "20141029153501"]]
  [1m[35m (1.5ms)[0m  commit transaction
Migrating to CreateRandomQuestions (20141029153541)
  [1m[36m (0.1ms)[0m  [1mbegin transaction[0m
  [1m[35m (0.6ms)[0m  CREATE TABLE "random_questions" ("id" INTEGER PRIMARY KEY AUTOINCREMENT NOT NULL, "question" varchar(255), "answer_1" varchar(255), "answer_2" varchar(255), "answer_3" varchar(255), "answer_4" varchar(255), "correct_answer" varchar(255), "created_at" datetime, "updated_at" datetime) 
  [1m[36mSQL (0.1ms)[0m  [1mINSERT INTO "schema_migrations" ("version") VALUES (?)[0m  [["version", "20141029153541"]]
  [1m[35m (0.9ms)[0m  commit transaction
  [1m[36mActiveRecord::SchemaMigration Load (0.1ms)[0m  [1mSELECT "schema_migrations".* FROM "schema_migrations"[0m


Started GET "/" for 127.0.0.1 at 2014-10-29 16:38:56 +0100
  [1m[36mActiveRecord::SchemaMigration Load (0.1ms)[0m  [1mSELECT "schema_migrations".* FROM "schema_migrations"[0m
Processing by Rails::WelcomeController#index as HTML
  Rendered /Library/Ruby/Gems/2.0.0/gems/railties-4.1.6/lib/rails/templates/rails/welcome/index.html.erb (1.6ms)
Completed 200 OK in 30ms (Views: 10.4ms | ActiveRecord: 0.0ms)


Started GET "/quiz_questions" for 127.0.0.1 at 2014-10-29 16:39:06 +0100
Processing by QuizQuestionsController#index as HTML
  [1m[35mQuizQuestion Load (0.2ms)[0m  SELECT "quiz_questions".* FROM "quiz_questions"
  Rendered quiz_questions/index.html.erb within layouts/application (2.6ms)
Completed 200 OK in 1052ms (Views: 1046.7ms | ActiveRecord: 0.2ms)


Started GET "/assets/quiz_questions.css?body=1" for 127.0.0.1 at 2014-10-29 16:39:07 +0100


Started GET "/assets/quests.css?body=1" for 127.0.0.1 at 2014-10-29 16:39:07 +0100


Started GET "/assets/quizzes.css?body=1" for 127.0.0.1 at 2014-10-29 16:39:07 +0100


Started GET "/assets/random_questions.css?body=1" for 127.0.0.1 at 2014-10-29 16:39:07 +0100


Started GET "/assets/mini_quests.css?body=1" for 127.0.0.1 at 2014-10-29 16:39:07 +0100


Started GET "/assets/application.css?body=1" for 127.0.0.1 at 2014-10-29 16:39:07 +0100


Started GET "/assets/scaffolds.css?body=1" for 127.0.0.1 at 2014-10-29 16:39:07 +0100


Started GET "/assets/jquery.js?body=1" for 127.0.0.1 at 2014-10-29 16:39:07 +0100


Started GET "/assets/mini_quests.js?body=1" for 127.0.0.1 at 2014-10-29 16:39:07 +0100


Started GET "/assets/quests.js?body=1" for 127.0.0.1 at 2014-10-29 16:39:07 +0100


Started GET "/assets/quiz_questions.js?body=1" for 127.0.0.1 at 2014-10-29 16:39:07 +0100


Started GET "/assets/quizzes.js?body=1" for 127.0.0.1 at 2014-10-29 16:39:07 +0100


Started GET "/assets/random_questions.js?body=1" for 127.0.0.1 at 2014-10-29 16:39:07 +0100


Started GET "/assets/jquery_ujs.js?body=1" for 127.0.0.1 at 2014-10-29 16:39:07 +0100


Started GET "/assets/turbolinks.js?body=1" for 127.0.0.1 at 2014-10-29 16:39:07 +0100


Started GET "/assets/application.js?body=1" for 127.0.0.1 at 2014-10-29 16:39:07 +0100
